
Showing logs for build [32mcb-kubecd-environment-pr-1416-4-lndnv-1[0m stage [32mfrom-build-pack[0m and container [32mstep-credential-initializer-zr8x5[0m
{"level":"info","ts":1587114134.4983375,"logger":"fallback-logger","caller":"logging/config.go:69","msg":"Fetch GitHub commit ID from kodata failed: open /var/run/ko/refs/heads/0.8.0-ns-support: no such file or directory"}
{"level":"info","ts":1587114134.5074534,"logger":"fallback-logger","caller":"creds-init/main.go:40","msg":"Credentials initialized."}

Showing logs for build [32mcb-kubecd-environment-pr-1416-4-lndnv-1[0m stage [32mfrom-build-pack[0m and container [32mstep-working-dir-initializer-5zjp5[0m
{"level":"info","ts":1587114135.7515244,"logger":"fallback-logger","caller":"logging/config.go:69","msg":"Fetch GitHub commit ID from kodata failed: open /var/run/ko/HEAD: no such file or directory"}
{"level":"info","ts":1587114135.9014857,"logger":"fallback-logger","caller":"bash/main.go:64","msg":"Successfully executed command \"sh -c mkdir -p /workspace/source\"; output "}

Showing logs for build [32mcb-kubecd-environment-pr-1416-4-lndnv-1[0m stage [32mfrom-build-pack[0m and container [32mstep-place-tools[0m

Showing logs for build [32mcb-kubecd-environment-pr-1416-4-lndnv-1[0m stage [32mfrom-build-pack[0m and container [32mstep-git-source-cb-kubecd-environment-pr-1416-4-lndnv-qpwzr[0m
{"level":"info","ts":1587114141.4827,"logger":"fallback-logger","caller":"logging/config.go:69","msg":"Fetch GitHub commit ID from kodata failed: open /var/run/ko/refs/heads/0.8.0-ns-support: no such file or directory"}
{"level":"info","ts":1587114142.5520117,"logger":"fallback-logger","caller":"git/git.go:103","msg":"Successfully cloned https://github.com/cb-kubecd/environment-pr-1416-4-bdd-frontend-staging.git @ master in path /workspace/source"}

Showing logs for build [32mcb-kubecd-environment-pr-1416-4-lndnv-1[0m stage [32mfrom-build-pack[0m and container [32mstep-git-merge[0m
Using SHAs from PULL_REFS=master:629f276372d7e8864d414dded37034871e0bda34,1:c00e8565a1f402557b61a1211d496fe43c6a9f39
DEBUG: JX_LOG_LEVEL=error LC_ALL=C git fetch origin --unshallow c00e8565a1f402557b61a1211d496fe43c6a9f39: 629f276372d7e8864d414dded37034871e0bda34:
DEBUG: ran git fetch --unshallow origin c00e8565a1f402557b61a1211d496fe43c6a9f39: 629f276372d7e8864d414dded37034871e0bda34: in 
DEBUG: LC_ALL=C JX_LOG_LEVEL=error git branch
DEBUG: LC_ALL=C JX_LOG_LEVEL=error git checkout master
DEBUG: ran git checkout master in 
DEBUG: LC_ALL=C JX_LOG_LEVEL=error git reset --hard 629f276372d7e8864d414dded37034871e0bda34
DEBUG: ran git reset --hard 629f276372d7e8864d414dded37034871e0bda34 in 
DEBUG: LC_ALL=C JX_LOG_LEVEL=error git clean -fd .
DEBUG: ran clean --force -d . in 
DEBUG: LC_ALL=C JX_LOG_LEVEL=error git merge c00e8565a1f402557b61a1211d496fe43c6a9f39
DEBUG: ran git merge c00e8565a1f402557b61a1211d496fe43c6a9f39 in 
DEBUG: LC_ALL=C JX_LOG_LEVEL=error git log --format=%H%x1f%an%x1f%ae%x1f%cn%x1f%ce%x1f%s%n%b%x1e 629f276372d7e8864d414dded37034871e0bda34..HEAD
Merged SHA c00e8565a1f402557b61a1211d496fe43c6a9f39 with commit message 'chore: Promote bdd-nh-1587113172 to version 0.0.1' into base branch master

Showing logs for build [32mcb-kubecd-environment-pr-1416-4-lndnv-1[0m stage [32mfrom-build-pack[0m and container [32mstep-build-helm-build[0m
WARNING: No $CHART_REPOSITORY defined so using the default value of: http://jenkins-x-chartmuseum:8080
Adding missing Helm repo: storage.googleapis.com https://storage.googleapis.com/chartmuseum.jenkins-x.io
WARNING: No secrets found on "helm/repos" due: reading the secret "helm/repos" from vault: no secret "helm/repos" not found in vault
Read credentials for https://storage.googleapis.com/chartmuseum.jenkins-x.io from vault helm/repos
Successfully added Helm repository storage.googleapis.com.
Adding missing Helm repo: jenkins-x-chartmuseum http://jenkins-x-chartmuseum:8080
WARNING: No secrets found on "helm/repos" due: reading the secret "helm/repos" from vault: no secret "helm/repos" not found in vault
Read credentials for http://jenkins-x-chartmuseum:8080 from vault helm/repos
Successfully added Helm repository jenkins-x-chartmuseum.
WARNING: No $CHART_REPOSITORY defined so using the default value of: http://jenkins-x-chartmuseum:8080
Adding missing Helm repo: chartmuseum.jenkins-x.io http://chartmuseum.jenkins-x.io
WARNING: No secrets found on "helm/repos" due: reading the secret "helm/repos" from vault: no secret "helm/repos" not found in vault
Read credentials for http://chartmuseum.jenkins-x.io from vault helm/repos
Successfully added Helm repository chartmuseum.jenkins-x.io.
